<?xml version="1.0" encoding="UTF-8"?>
<!-- Generated by org.testng.reporters.JUnitReportReporter -->
<testsuite hostname="DESKTOP-LPCAOOD" failures="0" tests="1" name="runner.testRunner" time="10.260" errors="0" timestamp="2024-01-09T11:40:46 EST" skipped="0">
  <testcase classname="runner.testRunner" name="runScenario" time="10.260"/>
</testsuite> <!-- runner.testRunner -->
