<?xml version="1.0" encoding="UTF-8"?>
<!-- Generated by org.testng.reporters.JUnitReportReporter -->
<testsuite hostname="DESKTOP-LPCAOOD" failures="0" tests="1" name="com.bddCucumberSelenium.AppTest" time="0.006" errors="0" timestamp="2024-01-08T16:40:42 EST" skipped="0">
  <testcase classname="com.bddCucumberSelenium.AppTest" name="shouldAnswerWithTrue" time="0.006"/>
</testsuite> <!-- com.bddCucumberSelenium.AppTest -->
